Running on desktop23:
no change     /opt/itu/easybuild/software/Anaconda3/2021.05/condabin/conda
no change     /opt/itu/easybuild/software/Anaconda3/2021.05/bin/conda
no change     /opt/itu/easybuild/software/Anaconda3/2021.05/bin/conda-env
no change     /opt/itu/easybuild/software/Anaconda3/2021.05/bin/activate
no change     /opt/itu/easybuild/software/Anaconda3/2021.05/bin/deactivate
no change     /opt/itu/easybuild/software/Anaconda3/2021.05/etc/profile.d/conda.sh
no change     /opt/itu/easybuild/software/Anaconda3/2021.05/etc/fish/conf.d/conda.fish
no change     /opt/itu/easybuild/software/Anaconda3/2021.05/shell/condabin/Conda.psm1
no change     /opt/itu/easybuild/software/Anaconda3/2021.05/shell/condabin/conda-hook.ps1
no change     /opt/itu/easybuild/software/Anaconda3/2021.05/lib/python3.8/site-packages/xontrib/conda.xsh
no change     /opt/itu/easybuild/software/Anaconda3/2021.05/etc/profile.d/conda.csh
modified      /home/pmen/.bashrc

==> For changes to take effect, close and re-open your current shell. <==


CommandNotFoundError: Your shell has not been properly configured to use 'conda activate'.
To initialize your shell, run

    $ conda init <SHELL_NAME>

Currently supported shells are:
  - bash
  - fish
  - tcsh
  - xonsh
  - zsh
  - powershell

See 'conda init --help' for more information and options.

IMPORTANT: You may need to close and restart your shell after running 'conda init'.


Traceback (most recent call last):
  File "bin/train.py", line 12, in <module>
    from easydict import EasyDict as edict
ModuleNotFoundError: No module named 'easydict'
