Running on desktop23:

CommandNotFoundError: Your shell has not been properly configured to use 'conda activate'.
To initialize your shell, run

    $ conda init <SHELL_NAME>

Currently supported shells are:
  - bash
  - fish
  - tcsh
  - xonsh
  - zsh
  - powershell

See 'conda init --help' for more information and options.

IMPORTANT: You may need to close and restart your shell after running 'conda init'.


Defaulting to user installation because normal site-packages is not writeable
ERROR: Could not find a version that satisfies the requirement tensorflow==1.15.4
ERROR: No matching distribution found for tensorflow==1.15.4
Traceback (most recent call last):
  File "bin/train.py", line 12, in <module>
    from easydict import EasyDict as edict
ModuleNotFoundError: No module named 'easydict'
