Running on desktop25:
stdin: is not a tty
Activating chexpert environment...
from test_epoch output: torch.Size([32, 1])
from test_epoch sens output: torch.Size([32, 1])
from test_epoch output: torch.Size([32, 1])
from test_epoch sens output: torch.Size([32, 1])
from test_epoch output: torch.Size([32, 1])
from test_epoch sens output: torch.Size([32, 1])
from test_epoch output: torch.Size([32, 1])
from test_epoch sens output: torch.Size([32, 1])
from test_epoch output: torch.Size([32, 1])
from test_epoch sens output: torch.Size([32, 1])
from test_epoch output: torch.Size([32, 1])
from test_epoch sens output: torch.Size([32, 1])
from test_epoch output: torch.Size([32, 1])
from test_epoch sens output: torch.Size([32, 1])
from test_epoch output: torch.Size([32, 1])
from test_epoch sens output: torch.Size([32, 1])
from test_epoch output: torch.Size([32, 1])
from test_epoch sens output: torch.Size([32, 1])
from test_epoch output: torch.Size([32, 1])
from test_epoch sens output: torch.Size([32, 1])
from test_epoch output: torch.Size([32, 1])
from test_epoch sens output: torch.Size([32, 1])
from test_epoch output: torch.Size([32, 1])
from test_epoch sens output: torch.Size([32, 1])
from test_epoch output: torch.Size([32, 1])
from test_epoch sens output: torch.Size([32, 1])
from test_epoch output: torch.Size([32, 1])
from test_epoch sens output: torch.Size([32, 1])
from test_epoch output: torch.Size([32, 1])
from test_epoch sens output: torch.Size([32, 1])
from test_epoch output: torch.Size([32, 1])
from test_epoch sens output: torch.Size([32, 1])
from test_epoch output: torch.Size([32, 1])
from test_epoch sens output: torch.Size([32, 1])
from test_epoch output: torch.Size([32, 1])
from test_epoch sens output: torch.Size([32, 1])
from test_epoch output: torch.Size([32, 1])
from test_epoch sens output: torch.Size([32, 1])
from test_epoch output: torch.Size([32, 1])
from test_epoch sens output: torch.Size([32, 1])
from test_epoch output: torch.Size([32, 1])
from test_epoch sens output: torch.Size([32, 1])
from test_epoch output: torch.Size([32, 1])
from test_epoch sens output: torch.Size([32, 1])
from test_epoch output: torch.Size([32, 1])
from test_epoch sens output: torch.Size([32, 1])
from test_epoch output: torch.Size([32, 1])
from test_epoch sens output: torch.Size([32, 1])
from test_epoch output: torch.Size([32, 1])
from test_epoch sens output: torch.Size([32, 1])
from test_epoch output: torch.Size([32, 1])
from test_epoch sens output: torch.Size([32, 1])
from test_epoch output: torch.Size([32, 1])
from test_epoch sens output: torch.Size([32, 1])
from test_epoch output: torch.Size([32, 1])
from test_epoch sens output: torch.Size([32, 1])
from test_epoch output: torch.Size([32, 1])
from test_epoch sens output: torch.Size([32, 1])
from test_epoch output: torch.Size([32, 1])
from test_epoch sens output: torch.Size([32, 1])
from test_epoch output: torch.Size([32, 1])
from test_epoch sens output: torch.Size([32, 1])
from test_epoch output: torch.Size([32, 1])
from test_epoch sens output: torch.Size([32, 1])
from test_epoch output: torch.Size([32, 1])
from test_epoch sens output: torch.Size([32, 1])
from test_epoch output: torch.Size([32, 1])
from test_epoch sens output: torch.Size([32, 1])
from test_epoch output: torch.Size([32, 1])
from test_epoch sens output: torch.Size([32, 1])
from test_epoch output: torch.Size([32, 1])
from test_epoch sens output: torch.Size([32, 1])
from test_epoch output: torch.Size([32, 1])
from test_epoch sens output: torch.Size([32, 1])
from test_epoch output: torch.Size([32, 1])
from test_epoch sens output: torch.Size([32, 1])
from test_epoch output: torch.Size([32, 1])
from test_epoch sens output: torch.Size([32, 1])
from test_epoch output: torch.Size([32, 1])
from test_epoch sens output: torch.Size([32, 1])
from test_epoch output: torch.Size([32, 1])
from test_epoch sens output: torch.Size([32, 1])
from test_epoch output: torch.Size([32, 1])
from test_epoch sens output: torch.Size([32, 1])
from test_epoch output: torch.Size([32, 1])
from test_epoch sens output: torch.Size([32, 1])
from test_epoch output: torch.Size([32, 1])
from test_epoch sens output: torch.Size([32, 1])
from test_epoch output: torch.Size([32, 1])
from test_epoch sens output: torch.Size([32, 1])
from test_epoch output: torch.Size([32, 1])
from test_epoch sens output: torch.Size([32, 1])
from test_epoch output: torch.Size([32, 1])
from test_epoch sens output: torch.Size([32, 1])
from test_epoch output: torch.Size([32, 1])
from test_epoch sens output: torch.Size([32, 1])
from test_epoch output: torch.Size([32, 1])
from test_epoch sens output: torch.Size([32, 1])
from test_epoch output: torch.Size([32, 1])
from test_epoch sens output: torch.Size([32, 1])
from test_epoch output: torch.Size([32, 1])
from test_epoch sens output: torch.Size([32, 1])
from test_epoch output: torch.Size([32, 1])
from test_epoch sens output: torch.Size([32, 1])
from test_epoch output: torch.Size([32, 1])
from test_epoch sens output: torch.Size([32, 1])
from test_epoch output: torch.Size([32, 1])
from test_epoch sens output: torch.Size([32, 1])
from test_epoch output: torch.Size([32, 1])
from test_epoch sens output: torch.Size([32, 1])
from test_epoch output: torch.Size([32, 1])
from test_epoch sens output: torch.Size([32, 1])
from test_epoch output: torch.Size([32, 1])
from test_epoch sens output: torch.Size([32, 1])
from test_epoch output: torch.Size([32, 1])
from test_epoch sens output: torch.Size([32, 1])
from test_epoch output: torch.Size([32, 1])
from test_epoch sens output: torch.Size([32, 1])
from test_epoch output: torch.Size([32, 1])
from test_epoch sens output: torch.Size([32, 1])
from test_epoch output: torch.Size([32, 1])
from test_epoch sens output: torch.Size([32, 1])
from test_epoch output: torch.Size([32, 1])
from test_epoch sens output: torch.Size([32, 1])
from test_epoch output: torch.Size([32, 1])
from test_epoch sens output: torch.Size([32, 1])
from test_epoch output: torch.Size([32, 1])
from test_epoch sens output: torch.Size([32, 1])
from test_epoch output: torch.Size([32, 1])
from test_epoch sens output: torch.Size([32, 1])
from test_epoch output: torch.Size([32, 1])
from test_epoch sens output: torch.Size([32, 1])
from test_epoch output: torch.Size([32, 1])
from test_epoch sens output: torch.Size([32, 1])
from test_epoch output: torch.Size([32, 1])
from test_epoch sens output: torch.Size([32, 1])
from test_epoch output: torch.Size([32, 1])
from test_epoch sens output: torch.Size([32, 1])
from test_epoch output: torch.Size([32, 1])
from test_epoch sens output: torch.Size([32, 1])
from test_epoch output: torch.Size([32, 1])
from test_epoch sens output: torch.Size([32, 1])
from test_epoch output: torch.Size([32, 1])
from test_epoch sens output: torch.Size([32, 1])
from test_epoch output: torch.Size([32, 1])
from test_epoch sens output: torch.Size([32, 1])
from test_epoch output: torch.Size([32, 1])
from test_epoch sens output: torch.Size([32, 1])
from test_epoch output: torch.Size([32, 1])
from test_epoch sens output: torch.Size([32, 1])
from test_epoch output: torch.Size([32, 1])
from test_epoch sens output: torch.Size([32, 1])
from test_epoch output: torch.Size([32, 1])
from test_epoch sens output: torch.Size([32, 1])
from test_epoch output: torch.Size([32, 1])
from test_epoch sens output: torch.Size([32, 1])
from test_epoch output: torch.Size([32, 1])
from test_epoch sens output: torch.Size([32, 1])
from test_epoch output: torch.Size([32, 1])
from test_epoch sens output: torch.Size([32, 1])
from test_epoch output: torch.Size([32, 1])
from test_epoch sens output: torch.Size([32, 1])
from test_epoch output: torch.Size([32, 1])
from test_epoch sens output: torch.Size([32, 1])
from test_epoch output: torch.Size([32, 1])
from test_epoch sens output: torch.Size([32, 1])
from test_epoch output: torch.Size([32, 1])
from test_epoch sens output: torch.Size([32, 1])
from test_epoch output: torch.Size([32, 1])
from test_epoch sens output: torch.Size([32, 1])
from test_epoch output: torch.Size([32, 1])
from test_epoch sens output: torch.Size([32, 1])
from test_epoch output: torch.Size([32, 1])
from test_epoch sens output: torch.Size([32, 1])
from test_epoch output: torch.Size([32, 1])
from test_epoch sens output: torch.Size([32, 1])
from test_epoch output: torch.Size([32, 1])
from test_epoch sens output: torch.Size([32, 1])
from test_epoch output: torch.Size([32, 1])
from test_epoch sens output: torch.Size([32, 1])
from test_epoch output: torch.Size([32, 1])
from test_epoch sens output: torch.Size([32, 1])
from test_epoch output: torch.Size([32, 1])
from test_epoch sens output: torch.Size([32, 1])
from test_epoch output: torch.Size([32, 1])
from test_epoch sens output: torch.Size([32, 1])
from test_epoch output: torch.Size([32, 1])
from test_epoch sens output: torch.Size([32, 1])
from test_epoch output: torch.Size([32, 1])
from test_epoch sens output: torch.Size([32, 1])
from test_epoch output: torch.Size([32, 1])
from test_epoch sens output: torch.Size([32, 1])
from test_epoch output: torch.Size([32, 1])
from test_epoch sens output: torch.Size([32, 1])
from test_epoch output: torch.Size([32, 1])
from test_epoch sens output: torch.Size([32, 1])
from test_epoch output: torch.Size([32, 1])
from test_epoch sens output: torch.Size([32, 1])
from test_epoch output: torch.Size([32, 1])
from test_epoch sens output: torch.Size([32, 1])
from test_epoch output: torch.Size([32, 1])
from test_epoch sens output: torch.Size([32, 1])
from test_epoch output: torch.Size([32, 1])
from test_epoch sens output: torch.Size([32, 1])
from test_epoch output: torch.Size([32, 1])
from test_epoch sens output: torch.Size([32, 1])
from test_epoch output: torch.Size([32, 1])
from test_epoch sens output: torch.Size([32, 1])
from test_epoch output: torch.Size([32, 1])
from test_epoch sens output: torch.Size([32, 1])
from test_epoch output: torch.Size([32, 1])
from test_epoch sens output: torch.Size([32, 1])
from test_epoch output: torch.Size([32, 1])
from test_epoch sens output: torch.Size([32, 1])
from test_epoch output: torch.Size([32, 1])
from test_epoch sens output: torch.Size([32, 1])
from test_epoch output: torch.Size([32, 1])
from test_epoch sens output: torch.Size([32, 1])
from test_epoch output: torch.Size([32, 1])
from test_epoch sens output: torch.Size([32, 1])
from test_epoch output: torch.Size([32, 1])
from test_epoch sens output: torch.Size([32, 1])
from test_epoch output: torch.Size([32, 1])
from test_epoch sens output: torch.Size([32, 1])
from test_epoch output: torch.Size([32, 1])
from test_epoch sens output: torch.Size([32, 1])
from test_epoch output: torch.Size([32, 1])
from test_epoch sens output: torch.Size([32, 1])
from test_epoch output: torch.Size([32, 1])
from test_epoch sens output: torch.Size([32, 1])
from test_epoch output: torch.Size([32, 1])
from test_epoch sens output: torch.Size([32, 1])
from test_epoch output: torch.Size([32, 1])
from test_epoch sens output: torch.Size([32, 1])
from test_epoch output: torch.Size([32, 1])
from test_epoch sens output: torch.Size([32, 1])
from test_epoch output: torch.Size([32, 1])
from test_epoch sens output: torch.Size([32, 1])
from test_epoch output: torch.Size([32, 1])
from test_epoch sens output: torch.Size([32, 1])
from test_epoch output: torch.Size([32, 1])
from test_epoch sens output: torch.Size([32, 1])
from test_epoch output: torch.Size([32, 1])
from test_epoch sens output: torch.Size([32, 1])
from test_epoch output: torch.Size([32, 1])
from test_epoch sens output: torch.Size([32, 1])
from test_epoch output: torch.Size([32, 1])
from test_epoch sens output: torch.Size([32, 1])
from test_epoch output: torch.Size([32, 1])
from test_epoch sens output: torch.Size([32, 1])
from test_epoch output: torch.Size([32, 1])
from test_epoch sens output: torch.Size([32, 1])
from test_epoch output: torch.Size([32, 1])
from test_epoch sens output: torch.Size([32, 1])
from test_epoch output: torch.Size([32, 1])
from test_epoch sens output: torch.Size([32, 1])
from test_epoch output: torch.Size([32, 1])
from test_epoch sens output: torch.Size([32, 1])
from test_epoch output: torch.Size([32, 1])
from test_epoch sens output: torch.Size([32, 1])
from test_epoch output: torch.Size([32, 1])
from test_epoch sens output: torch.Size([32, 1])
from test_epoch output: torch.Size([32, 1])
from test_epoch sens output: torch.Size([32, 1])
from test_epoch output: torch.Size([32, 1])
from test_epoch sens output: torch.Size([32, 1])
from test_epoch output: torch.Size([32, 1])
from test_epoch sens output: torch.Size([32, 1])
from test_epoch output: torch.Size([32, 1])
from test_epoch sens output: torch.Size([32, 1])
from test_epoch output: torch.Size([32, 1])
from test_epoch sens output: torch.Size([32, 1])
from test_epoch output: torch.Size([22, 1])
from test_epoch sens output: torch.Size([22, 1])
Save best is step : 5600 AUC : 0.857358896619917
