Running on desktop22:
stdin: is not a tty
Activating chexpert environment...
from test_epoch output: [tensor([[ 3.3165],
        [-1.1540],
        [ 2.2545],
        [-0.5173],
        [ 2.0650],
        [ 1.2454],
        [ 2.1985],
        [ 2.1920],
        [ 2.6648],
        [-0.1346],
        [ 0.3068],
        [ 1.8734],
        [-0.1631],
        [ 2.2746],
        [ 3.8516],
        [ 3.5364],
        [-1.9772],
        [ 4.2485],
        [ 2.7642],
        [ 1.9902],
        [ 3.4112],
        [ 1.1415],
        [ 4.4839],
        [-0.7184],
        [ 1.1363],
        [ 5.1533],
        [ 0.0200],
        [ 1.6664],
        [ 0.2709],
        [-0.3796],
        [ 3.7444],
        [ 0.8286]], device='cuda:0')]
from test_epoch sens output: tensor([[ -6.4642],
        [ -7.8274],
        [  6.2505],
        [ -8.4457],
        [ -7.6344],
        [ -9.8812],
        [-11.1036],
        [ -4.9668],
        [  7.7441],
        [ -6.2961],
        [ 13.3966],
        [ -7.9454],
        [ -5.5816],
        [ -1.7876],
        [ 12.2657],
        [ -4.1380],
        [ -8.9548],
        [ 11.2230],
        [ -5.1979],
        [ -9.3257],
        [  7.7084],
        [ -7.9650],
        [ 10.8333],
        [  7.9200],
        [-14.8377],
        [ 11.6656],
        [ -2.5854],
        [ -7.2589],
        [ -8.4788],
        [ -1.9389],
        [ -8.9851],
        [-12.8189]], device='cuda:0')
from test_epoch output: [tensor([[ 1.0770],
        [ 0.5669],
        [ 3.1747],
        [ 1.3721],
        [ 5.0846],
        [ 0.2537],
        [ 1.0135],
        [ 1.1344],
        [ 0.0171],
        [ 2.5729],
        [ 4.6075],
        [ 0.5533],
        [ 3.3029],
        [-0.3609],
        [ 1.0516],
        [ 2.3901],
        [ 1.4627],
        [ 6.0005],
        [ 0.8191],
        [ 0.3698],
        [ 1.8577],
        [ 2.3457],
        [ 2.5142],
        [ 1.1627],
        [ 1.2885],
        [-0.0462],
        [ 1.8811],
        [ 2.7714],
        [ 2.4391],
        [-0.0641],
        [ 1.2545],
        [ 2.4265]], device='cuda:0')]
from test_epoch sens output: tensor([[-14.2062],
        [-12.8768],
        [ -6.7383],
        [-11.4026],
        [  6.8839],
        [ -7.5877],
        [  6.3093],
        [-10.2233],
        [  1.2335],
        [ -9.4130],
        [ -6.7205],
        [ -6.4951],
        [ -8.4431],
        [  6.8283],
        [ 10.1045],
        [ -8.3387],
        [  2.3695],
        [ -5.0082],
        [ -5.7368],
        [ -8.9621],
        [  5.0368],
        [  8.6138],
        [ -5.2948],
        [ -5.6017],
        [ -8.4268],
        [ 11.9197],
        [ -2.0961],
        [ -5.2533],
        [ 10.8544],
        [ -8.2657],
        [ -7.0361],
        [  9.6225]], device='cuda:0')
from test_epoch output: [tensor([[ 4.3328],
        [ 1.7149],
        [ 1.4412],
        [ 1.9808],
        [ 2.2677],
        [ 3.1995],
        [ 1.9182],
        [ 0.6570],
        [ 2.8284],
        [ 0.7684],
        [ 2.8323],
        [ 2.7930],
        [ 0.3305],
        [ 0.5792],
        [ 1.6365],
        [ 3.5182],
        [ 1.3367],
        [ 1.3611],
        [ 2.9465],
        [-0.6221],
        [ 0.4542],
        [ 0.5359],
        [ 3.9067],
        [ 3.3830],
        [ 2.3299],
        [ 0.0183],
        [ 2.9731],
        [ 2.5505],
        [ 1.6231],
        [ 0.5114],
        [ 0.4904],
        [ 3.6514]], device='cuda:0')]
from test_epoch sens output: tensor([[  6.4051],
        [  6.7703],
        [ -8.3573],
        [ -5.3997],
        [-12.4685],
        [  9.0522],
        [ -8.0668],
        [-12.4527],
        [ -1.5922],
        [-15.4505],
        [ 11.2275],
        [ -5.2809],
        [ -5.2574],
        [ -6.1617],
        [ -8.6146],
        [  7.4303],
        [ 12.7477],
        [ -9.1261],
        [ -6.8307],
        [  9.3839],
        [ -2.6592],
        [ -7.4945],
        [ -5.4840],
        [ -6.4136],
        [ -0.5320],
        [ -9.4969],
        [  7.4826],
        [  3.9430],
        [ -4.1857],
        [  7.7605],
        [ -8.2648],
        [  4.7713]], device='cuda:0')
from test_epoch output: [tensor([[ 1.7960],
        [ 0.7728],
        [-0.2796],
        [ 4.6570],
        [ 1.3501],
        [ 1.4466],
        [ 3.3998],
        [ 1.4887],
        [ 2.1097],
        [ 3.0966],
        [ 4.2332],
        [ 2.6146],
        [ 2.2233],
        [ 1.5733],
        [ 1.0734],
        [ 1.4432],
        [ 0.5488],
        [ 4.7563],
        [ 1.3666],
        [ 1.9357],
        [-1.8171],
        [ 2.8937],
        [ 0.4645],
        [ 2.3114],
        [ 2.7393],
        [ 0.4009],
        [ 4.2601],
        [ 1.0505],
        [ 2.7090],
        [ 1.1687],
        [ 2.4624],
        [ 3.0847]], device='cuda:0')]
from test_epoch sens output: tensor([[ -9.9683],
        [ -3.0224],
        [ -7.7757],
        [ -3.2982],
        [ -5.1716],
        [ -7.2264],
        [ 14.6817],
        [ -8.1428],
        [ -6.0907],
        [ -7.4841],
        [ -2.6380],
        [ -6.4232],
        [ -5.9245],
        [ -6.0205],
        [  9.2568],
        [ -4.0715],
        [ 13.7240],
        [ 12.6312],
        [-13.0412],
        [ 12.2454],
        [-11.1211],
        [  0.9170],
        [ 10.6540],
        [ -6.2673],
        [ 12.0055],
        [  7.6113],
        [ -3.4670],
        [  9.6554],
        [ -9.6267],
        [  5.1388],
        [ -8.3817],
        [  7.4983]], device='cuda:0')
from test_epoch output: [tensor([[ 4.3184],
        [ 2.3948],
        [ 0.9837],
        [ 3.4599],
        [ 0.3343],
        [ 0.9904],
        [ 4.4455],
        [ 1.3508],
        [ 2.5040],
        [ 2.3240],
        [ 1.3024],
        [ 1.4481],
        [ 2.0393],
        [ 2.1338],
        [ 4.5184],
        [ 0.9792],
        [ 0.7827],
        [-0.0667],
        [ 3.5301],
        [-2.1905],
        [ 2.6473],
        [ 1.2975],
        [ 1.7923],
        [ 0.2569],
        [ 3.8330],
        [ 2.3456],
        [ 1.5403],
        [ 2.8240],
        [ 3.5674],
        [ 1.4562],
        [ 1.5143],
        [ 0.0670]], device='cuda:0')]
from test_epoch sens output: tensor([[ -4.4029],
        [ -3.3177],
        [ -5.4985],
        [ -4.8553],
        [-10.0578],
        [ -9.3088],
        [  9.2030],
        [  5.1126],
        [ -0.3173],
        [ 14.6059],
        [ -0.7703],
        [ 12.5232],
        [ -3.8890],
        [  6.6739],
        [-12.1249],
        [ -3.2724],
        [ -3.5559],
        [ 12.2465],
        [  4.7649],
        [ -9.5844],
        [  7.3894],
        [ 11.5670],
        [  9.7978],
        [-12.0263],
        [  7.6183],
        [ -8.6064],
        [  5.7449],
        [ -5.2955],
        [  8.4687],
        [ -2.0882],
        [ -5.1751],
        [ 11.1015]], device='cuda:0')
from test_epoch output: [tensor([[ 1.0918],
        [-1.1109],
        [ 2.2970],
        [ 4.5401],
        [ 0.0896],
        [ 1.8978],
        [ 4.1948],
        [ 0.6422],
        [ 1.5281],
        [ 2.9240],
        [ 1.9227],
        [ 0.4902],
        [ 0.0367],
        [ 2.3454],
        [ 1.2929],
        [ 2.1539],
        [ 0.1656],
        [ 0.7550],
        [ 3.6755],
        [ 2.3351],
        [ 1.1068],
        [-0.1673],
        [ 3.6895],
        [ 1.5242],
        [-0.0514],
        [ 1.5761],
        [ 0.3671],
        [ 0.1725],
        [ 0.7515],
        [ 2.2812],
        [-0.5283],
        [-2.2265]], device='cuda:0')]
from test_epoch sens output: tensor([[  6.0280],
        [ 11.5366],
        [ -8.2236],
        [ -9.4243],
        [  8.8589],
        [  8.0313],
        [ -7.5427],
        [-13.1997],
        [ -6.3390],
        [ -5.3521],
        [  6.8226],
        [ 12.9472],
        [  9.0226],
        [  9.2912],
        [ -5.2970],
        [ -2.9643],
        [  7.2666],
        [ -5.9811],
        [ 14.5780],
        [  6.8945],
        [ -9.7096],
        [  7.6605],
        [ -5.4309],
        [  8.2522],
        [ -7.8736],
        [ 11.5870],
        [  2.2531],
        [ -6.2316],
        [-13.0467],
        [  8.7929],
        [ -9.5555],
        [  9.1013]], device='cuda:0')
from test_epoch output: [tensor([[ 3.1230],
        [-0.5826],
        [ 1.6057],
        [ 2.4610],
        [ 3.0537],
        [ 0.5463],
        [-0.2997],
        [ 3.3931],
        [ 3.6468],
        [ 1.2058],
        [ 2.7612],
        [ 2.9183],
        [ 1.3065],
        [ 2.2830],
        [ 1.3731],
        [-0.9421],
        [ 3.4886],
        [ 5.5227],
        [ 0.3675],
        [ 0.5019],
        [ 1.2291],
        [ 0.4526],
        [ 3.5120],
        [ 2.3887],
        [ 0.9350],
        [ 4.4828],
        [ 0.2703],
        [ 2.0944],
        [ 2.6675],
        [ 1.0383],
        [ 2.1056],
        [ 1.4741]], device='cuda:0')]
from test_epoch sens output: tensor([[ -7.1170],
        [  8.7523],
        [ 10.3494],
        [ -6.3869],
        [ 10.8365],
        [  7.7311],
        [ 12.0406],
        [ -6.7377],
        [-10.3166],
        [  9.7974],
        [ -7.0644],
        [ -9.7804],
        [ -7.3810],
        [  8.6561],
        [ -9.7617],
        [ -5.7283],
        [ -6.6351],
        [ -2.1710],
        [ -8.8513],
        [ 10.7331],
        [  5.4920],
        [ 12.5126],
        [ 12.6056],
        [-10.3422],
        [-10.9236],
        [  7.1553],
        [ 11.7455],
        [  6.5312],
        [ -3.3362],
        [ -0.5910],
        [-11.5195],
        [-12.1171]], device='cuda:0')
from test_epoch output: [tensor([[ 5.2165],
        [-0.3067],
        [ 2.3326],
        [-0.2142],
        [ 1.2466],
        [ 3.1576],
        [ 2.3899],
        [ 1.1258],
        [ 3.6229],
        [ 0.8551],
        [ 2.3185],
        [ 0.8993],
        [ 4.3262],
        [ 3.4330],
        [-1.3773],
        [ 2.7694],
        [-0.5648],
        [ 2.8401],
        [ 1.9730],
        [ 1.3022],
        [ 4.5513],
        [ 1.5100],
        [-3.5845],
        [-0.2032],
        [-1.5090],
        [ 2.6291],
        [ 0.3086],
        [ 2.4773],
        [ 3.2682],
        [ 2.7046],
        [ 1.4704],
        [ 0.0250]], device='cuda:0')]
from test_epoch sens output: tensor([[ -8.8253],
        [  6.2907],
        [ -8.4082],
        [ -9.9248],
        [ -7.2414],
        [ 12.0166],
        [ -5.5152],
        [ -7.9255],
        [ 12.2891],
        [ -7.5663],
        [  1.9707],
        [ -3.3017],
        [ -8.1674],
        [ -5.4821],
        [ 10.8055],
        [ -6.8433],
        [ 10.4035],
        [ 12.4200],
        [ 15.0549],
        [ -0.3747],
        [ -2.5134],
        [ -4.1985],
        [  7.3344],
        [ -9.0866],
        [ 10.5890],
        [ 12.5857],
        [  7.2429],
        [ -1.3177],
        [  6.2668],
        [ 11.1321],
        [ -8.1106],
        [-13.5562]], device='cuda:0')
from test_epoch output: [tensor([[ 4.0587],
        [ 3.8466],
        [ 1.4698],
        [ 0.7739],
        [ 3.2093],
        [ 1.2086],
        [ 1.7504],
        [-0.3865],
        [ 1.5151],
        [ 0.5605],
        [-2.8564],
        [ 1.0547],
        [ 1.5944],
        [-0.0845],
        [ 2.1673],
        [-0.5219],
        [ 0.3931],
        [ 6.6058],
        [ 2.6888],
        [ 0.4364],
        [ 3.2259],
        [ 2.6791],
        [ 1.4601],
        [ 4.0693],
        [ 1.7695],
        [ 1.2043],
        [ 1.1700],
        [ 0.7381],
        [-0.2774],
        [ 0.0300],
        [ 1.8737],
        [-0.4875]], device='cuda:0')]
from test_epoch sens output: tensor([[ -6.4641],
        [ -0.7694],
        [  5.4512],
        [  7.5583],
        [ -7.5420],
        [ -5.2165],
        [  9.5827],
        [ -8.5119],
        [ -4.6418],
        [  8.4994],
        [  8.0272],
        [ -6.5511],
        [-11.0766],
        [-11.0834],
        [ -9.8046],
        [  4.5563],
        [ -6.9880],
        [ 12.9570],
        [ -1.7664],
        [ -7.2840],
        [ -4.2227],
        [  9.6215],
        [ -4.0712],
        [ -6.9305],
        [ 11.7554],
        [ -6.9798],
        [ -7.3577],
        [ -5.1062],
        [ -3.6285],
        [  3.9230],
        [ -4.5311],
        [ -6.0796]], device='cuda:0')
from test_epoch output: [tensor([[ 5.3643],
        [-0.2884],
        [ 1.9352],
        [ 1.1688],
        [ 2.1456],
        [ 3.9999],
        [ 5.4054],
        [ 2.9130],
        [ 1.9022],
        [ 1.1027],
        [ 2.2498],
        [-0.3735],
        [ 4.1727],
        [ 2.0939],
        [ 3.2128],
        [ 1.9146],
        [-1.3643],
        [ 0.6312],
        [ 3.6228],
        [ 0.1952],
        [ 0.6611],
        [ 2.8184],
        [ 3.3652],
        [ 2.5824],
        [ 2.0096],
        [ 3.2437],
        [ 1.8839],
        [ 0.9878],
        [ 2.0018],
        [ 0.5208],
        [ 0.5937],
        [ 0.6628]], device='cuda:0')]
from test_epoch sens output: tensor([[ -3.3672],
        [ 15.9422],
        [ 13.9763],
        [  9.7242],
        [  5.7320],
        [ 14.7372],
        [  6.8918],
        [ 10.4863],
        [ -5.0802],
        [  9.9838],
        [-11.9419],
        [ 10.5247],
        [ -5.9956],
        [  8.9146],
        [  3.7261],
        [ -1.4511],
        [-13.6780],
        [-12.9796],
        [ -6.6947],
        [ -8.4765],
        [-11.5897],
        [ 11.9259],
        [ -5.6230],
        [  7.1843],
        [  0.3455],
        [-15.7331],
        [ -4.7386],
        [ 12.7064],
        [  5.1218],
        [-11.3619],
        [ -4.2394],
        [-10.2581]], device='cuda:0')
from test_epoch output: [tensor([[ 1.0445],
        [ 3.4493],
        [-2.3351],
        [ 2.8679],
        [ 0.7888],
        [-1.4474],
        [-0.0335],
        [ 4.4866],
        [ 0.4530],
        [ 5.1863],
        [-2.3035],
        [ 0.6720],
        [-0.5840],
        [-0.2629],
        [-0.7923],
        [ 0.7811],
        [-2.3300],
        [ 2.6095],
        [-0.1544],
        [ 2.6176],
        [ 0.3552],
        [-0.6231],
        [ 1.9054],
        [ 2.0480],
        [-0.9836],
        [-0.7623],
        [-0.7671],
        [ 0.9457],
        [ 1.7825],
        [ 0.0285],
        [ 0.1249],
        [ 0.0791]], device='cuda:0')]
from test_epoch sens output: tensor([[-12.4029],
        [ 15.5324],
        [ -4.1076],
        [-10.1850],
        [ -5.0764],
        [  8.2243],
        [ -4.1030],
        [ -8.5056],
        [ -4.8612],
        [ 12.1234],
        [ -2.6128],
        [-12.3098],
        [ -4.1118],
        [ 10.4326],
        [ -8.2702],
        [ -4.9936],
        [ -9.6908],
        [ -6.2118],
        [ -8.5547],
        [ -9.0337],
        [  8.3784],
        [ 10.7158],
        [ -7.8163],
        [ -9.9595],
        [ -2.2906],
        [ -9.7125],
        [ -6.6861],
        [  3.5518],
        [-10.9706],
        [-11.0239],
        [ -3.2717],
        [ -7.3008]], device='cuda:0')
from test_epoch output: [tensor([[-1.6571],
        [ 2.0636],
        [ 1.9521],
        [ 1.3899],
        [ 0.3860],
        [-0.2106],
        [-0.1633],
        [ 0.5132],
        [ 0.9136],
        [-2.4682],
        [-0.0169],
        [ 0.7886],
        [ 2.2136],
        [ 0.0168],
        [-1.6893],
        [ 0.8652],
        [ 1.0456],
        [-0.9320],
        [ 1.6228],
        [-0.4403],
        [ 0.3711],
        [ 2.4559],
        [-0.1280],
        [ 2.1076],
        [ 1.2118],
        [ 1.5064],
        [ 1.4532],
        [ 0.1277],
        [ 0.0148],
        [ 0.6523],
        [ 0.5949],
        [ 1.4462]], device='cuda:0')]
from test_epoch sens output: tensor([[  3.3566],
        [-11.3042],
        [  4.0162],
        [ -8.6910],
        [-10.8913],
        [ -8.1749],
        [ -9.9064],
        [  4.9702],
        [  2.7981],
        [ -7.5556],
        [  8.6259],
        [-13.8807],
        [  6.7287],
        [  7.0643],
        [ -6.4895],
        [  9.9013],
        [ -5.5530],
        [  3.2135],
        [ -8.6047],
        [  8.0997],
        [ -2.2149],
        [ -3.9211],
        [ -5.1561],
        [ -9.3050],
        [ -5.9562],
        [ -5.2696],
        [ -6.0393],
        [  8.5106],
        [ -7.5756],
        [  1.0461],
        [  6.8422],
        [ -5.5800]], device='cuda:0')
from test_epoch output: [tensor([[ 1.4052],
        [-0.5169],
        [ 0.7479],
        [ 1.4452],
        [ 1.2147],
        [ 0.9070],
        [ 2.1534],
        [ 3.3995],
        [ 1.1538],
        [-1.6171],
        [-0.7406],
        [ 2.7342],
        [ 1.7873],
        [-0.1392],
        [ 1.2305],
        [ 1.7687],
        [-1.1537],
        [ 1.9667],
        [ 0.0111],
        [ 2.0523],
        [ 0.7591],
        [ 1.7405],
        [-0.5006],
        [ 2.4391],
        [ 3.0008],
        [-1.2627],
        [ 1.7891],
        [ 0.0563],
        [-0.8464],
        [ 3.4647],
        [ 0.0970],
        [ 1.7273]], device='cuda:0')]
from test_epoch sens output: tensor([[  9.1532],
        [ -7.0708],
        [  9.1413],
        [ 12.6453],
        [ 12.4157],
        [-10.2478],
        [ -8.7460],
        [-10.2046],
        [ -8.3918],
        [-11.7101],
        [ -9.1258],
        [ -8.0669],
        [ 13.5294],
        [-10.6040],
        [ -8.6040],
        [ -4.1348],
        [  5.2207],
        [ 12.7345],
        [  0.2733],
        [ -4.2484],
        [ 11.2472],
        [ -9.6757],
        [  6.7513],
        [ -9.3292],
        [ 11.7005],
        [  0.7392],
        [-11.7696],
        [ -6.6074],
        [ -3.8761],
        [ -4.5934],
        [ -1.6135],
        [ 10.8782]], device='cuda:0')
from test_epoch output: [tensor([[ 1.0226],
        [ 4.5927],
        [ 1.9817],
        [ 2.2650],
        [ 0.6432],
        [-0.3767],
        [ 1.1024],
        [ 2.1768],
        [ 1.4704],
        [ 1.3645],
        [ 1.1744],
        [-1.4091],
        [ 0.9687],
        [ 2.8008],
        [ 1.8889],
        [ 0.2176],
        [ 1.5033],
        [ 1.0393],
        [-1.0238],
        [-1.2590],
        [ 0.8065],
        [ 3.8778],
        [ 1.4603],
        [ 0.4237],
        [ 1.0295],
        [-1.1528],
        [ 1.5808],
        [-0.2659],
        [ 0.9181],
        [-0.4564],
        [ 2.5477],
        [ 1.7803]], device='cuda:0')]
from test_epoch sens output: tensor([[ 12.0024],
        [  8.1164],
        [ -7.0024],
        [ -2.7313],
        [ 16.5081],
        [ 10.3161],
        [  8.3653],
        [ 10.5765],
        [ 17.3325],
        [ 13.1165],
        [ -3.6556],
        [ 13.0591],
        [ -9.5851],
        [ -3.3847],
        [-11.7470],
        [ 13.2545],
        [ -6.8728],
        [ -2.6321],
        [ 11.4758],
        [-16.1861],
        [ 10.4903],
        [  9.5626],
        [ -8.1407],
        [ -7.0068],
        [-12.9488],
        [  9.0035],
        [ -9.3780],
        [ -6.0326],
        [ -3.7775],
        [ -7.8896],
        [  6.2450],
        [-10.5453]], device='cuda:0')
from test_epoch output: [tensor([[ 0.1530],
        [ 3.6005],
        [ 4.7270],
        [ 1.0438],
        [ 0.3563],
        [ 0.4718],
        [ 2.7866],
        [ 2.0529],
        [ 0.2526],
        [ 0.4194],
        [-1.0862],
        [-0.7186],
        [ 2.1931],
        [ 1.1706],
        [ 3.1696],
        [-0.3036],
        [ 0.9467],
        [-2.2676],
        [ 1.1790],
        [ 0.6866],
        [-0.5514],
        [ 2.4281],
        [-0.3691],
        [ 0.4610],
        [ 4.0361],
        [ 5.3298],
        [-1.0000],
        [-0.0778],
        [ 1.0207],
        [ 1.0049],
        [ 1.0468],
        [ 3.4820]], device='cuda:0')]
from test_epoch sens output: tensor([[ -7.3211],
        [ 13.6381],
        [-10.0481],
        [ -6.6230],
        [ -6.3572],
        [ -7.7208],
        [-11.2622],
        [-10.9696],
        [-12.8523],
        [ 10.0066],
        [ -3.7475],
        [  8.1910],
        [  9.2667],
        [  5.0626],
        [ -8.8944],
        [ -7.2321],
        [ -2.9704],
        [ -4.8974],
        [ 11.9527],
        [  0.9171],
        [  3.9129],
        [  9.9310],
        [ -1.0375],
        [ -5.5923],
        [ -8.1993],
        [ -9.6006],
        [  5.8650],
        [ -7.8656],
        [ -6.8590],
        [  1.7073],
        [ -3.9425],
        [ -6.1126]], device='cuda:0')
from test_epoch output: [tensor([[ 0.1782],
        [ 2.0243],
        [ 0.4104],
        [ 2.2283],
        [ 1.5818],
        [ 0.8934],
        [-0.2345],
        [ 0.5827],
        [-0.7714],
        [ 0.2275],
        [ 0.0997],
        [ 1.6762],
        [ 0.6748],
        [-3.1063],
        [ 3.3530],
        [ 2.2108],
        [ 0.5999],
        [ 1.3847],
        [-2.0588],
        [ 1.3154],
        [-0.1755],
        [ 0.2095],
        [ 1.2340],
        [-1.5716],
        [-5.8991],
        [ 0.3602],
        [ 4.6308],
        [-0.3439],
        [ 0.2012],
        [-0.9396],
        [ 0.1512],
        [ 0.2017]], device='cuda:0')]
from test_epoch sens output: tensor([[-12.7431],
        [ -7.2834],
        [-11.7178],
        [  4.9162],
        [  8.4689],
        [  5.7178],
        [ -5.9053],
        [  6.3977],
        [ -7.1113],
        [  8.4356],
        [  9.7294],
        [ 10.3440],
        [ -7.5307],
        [  9.0871],
        [ -1.9686],
        [  5.2959],
        [-10.2739],
        [ -5.4575],
        [ -5.2418],
        [ 13.3523],
        [ -5.2272],
        [ 10.6662],
        [ 14.1340],
        [ -2.5405],
        [ -3.4653],
        [ -6.8832],
        [ -0.1350],
        [ -7.5041],
        [ 15.3008],
        [  7.6026],
        [-12.3433],
        [ -5.6661]], device='cuda:0')
from test_epoch output: [tensor([[ 2.0445],
        [ 0.2736],
        [-0.4955],
        [ 2.1250],
        [ 0.0804],
        [ 2.9695],
        [ 2.0858],
        [ 0.7495],
        [ 0.9592],
        [-0.4776],
        [ 3.0151],
        [ 2.1607],
        [ 2.2274],
        [-0.2216],
        [ 0.3487],
        [-0.3252],
        [-0.7499],
        [ 2.7893],
        [ 0.5871],
        [ 0.9600],
        [-0.1308],
        [ 0.3093],
        [ 0.8422],
        [ 1.2424],
        [ 0.6312],
        [ 2.2363],
        [ 1.4415],
        [ 0.6093],
        [-2.4997],
        [ 2.0441],
        [-0.6439],
        [ 2.8594]], device='cuda:0')]
from test_epoch sens output: tensor([[ -8.3927],
        [ 13.0594],
        [ 15.8622],
        [  5.2874],
        [  3.6680],
        [ -3.8473],
        [ -5.9715],
        [ 10.3028],
        [ -0.7077],
        [ -4.5619],
        [  7.6327],
        [  7.3586],
        [ 12.9168],
        [ 10.0556],
        [ 11.8528],
        [ 14.5563],
        [ -3.9384],
        [  7.3984],
        [ 12.4644],
        [ 12.8393],
        [  9.1361],
        [  7.4976],
        [  3.9757],
        [ -7.4370],
        [ -9.9905],
        [ -7.2029],
        [-10.7536],
        [-12.8869],
        [ -5.6037],
        [-10.6270],
        [  3.9928],
        [ 14.0806]], device='cuda:0')
from test_epoch output: [tensor([[ 1.0336],
        [ 0.2017],
        [ 0.9762],
        [-0.3107],
        [ 0.7136],
        [-1.7564],
        [ 0.9124],
        [-1.1766],
        [ 0.8532],
        [ 1.9747],
        [-0.8351],
        [ 2.3780],
        [-0.1858],
        [-1.5179],
        [ 2.4889],
        [ 1.4897],
        [ 0.1667],
        [ 2.3771],
        [ 0.2690],
        [ 1.6330],
        [-2.5850],
        [ 0.6020],
        [ 2.5404],
        [ 1.1173],
        [-0.3352],
        [-0.2775],
        [-2.0372],
        [-1.3233],
        [ 1.7231],
        [ 1.9266],
        [ 0.3246],
        [ 2.7595]], device='cuda:0')]
from test_epoch sens output: tensor([[  6.3640],
        [ -6.0796],
        [ 10.5792],
        [ -4.6722],
        [ 12.7828],
        [ -4.8678],
        [  7.5560],
        [ -0.6669],
        [ -7.5820],
        [ -9.2033],
        [  9.9771],
        [ -6.2464],
        [  3.6205],
        [  7.4187],
        [ -4.4583],
        [ -1.1750],
        [ -5.7086],
        [ 13.6538],
        [ -1.7812],
        [ 13.5605],
        [ 11.5881],
        [ -7.3365],
        [ 12.1897],
        [-13.8758],
        [  8.1876],
        [-10.2299],
        [-12.1037],
        [ -4.9765],
        [-10.7335],
        [ -7.3644],
        [  7.5506],
        [-10.1555]], device='cuda:0')
from test_epoch output: [tensor([[-1.9496],
        [-2.9385],
        [ 0.6316],
        [-2.4936],
        [-0.5648],
        [ 2.5844],
        [ 2.6190],
        [ 0.4712],
        [ 1.9659],
        [-1.4186],
        [ 2.9303],
        [ 1.4384],
        [ 0.7657],
        [ 1.4297],
        [-0.1919],
        [-4.1070],
        [-0.3435],
        [ 3.3152],
        [ 0.3452],
        [ 1.0019],
        [ 1.3997],
        [ 0.9138],
        [ 2.1625],
        [ 1.0902],
        [ 1.2510],
        [-2.5972],
        [ 0.7334],
        [-2.0744],
        [-4.3498],
        [ 0.8645],
        [-6.1069],
        [ 0.9375]], device='cuda:0')]
from test_epoch sens output: tensor([[  5.8925],
        [ 10.5492],
        [ 13.1949],
        [ -7.7206],
        [ -3.3632],
        [-10.4534],
        [ -9.6461],
        [ -8.5771],
        [ -6.2968],
        [ -8.1691],
        [ -7.4739],
        [ -5.8160],
        [ 11.1690],
        [-10.9286],
        [ -7.2266],
        [ -3.6010],
        [ -6.3598],
        [  2.7090],
        [ 12.3142],
        [ -8.2155],
        [ -7.4214],
        [ -6.3650],
        [  5.0663],
        [ 14.4758],
        [-11.5499],
        [ 10.1886],
        [-11.2635],
        [ 11.0344],
        [ -2.7099],
        [  4.3142],
        [ -7.3618],
        [  6.3204]], device='cuda:0')
from test_epoch output: [tensor([[ 0.4088],
        [ 0.5146],
        [-0.6477],
        [-2.4866],
        [ 1.0872],
        [-3.0897],
        [ 0.9389],
        [-0.5664],
        [-0.7227],
        [-1.8193],
        [-3.9520],
        [-3.0755],
        [-3.7211],
        [-1.1173],
        [ 0.4282],
        [-3.9355],
        [-2.4548],
        [-3.6253],
        [-1.7777],
        [-4.3040],
        [-3.5429],
        [-2.1545],
        [-1.5960],
        [-2.2757],
        [-4.4058],
        [-0.1500],
        [-2.4124],
        [-1.6524],
        [-2.0537],
        [ 1.5162],
        [-3.4799],
        [-1.4355]], device='cuda:0')]
from test_epoch sens output: tensor([[ -6.0306],
        [ -9.5416],
        [ -6.6908],
        [ -4.6783],
        [ -4.7853],
        [ -7.2874],
        [ -7.2414],
        [ -8.7649],
        [  9.9029],
        [-12.4938],
        [ 11.7722],
        [ -6.7019],
        [ -8.7541],
        [ -8.4983],
        [ -9.2805],
        [  8.8570],
        [-10.3970],
        [  3.9235],
        [ -9.0823],
        [ -8.3731],
        [  8.7345],
        [ -7.1531],
        [  6.1652],
        [-10.6925],
        [  8.1844],
        [  3.8069],
        [  4.1158],
        [ -3.0764],
        [ 11.7379],
        [-11.0308],
        [ -5.6037],
        [ -4.7490]], device='cuda:0')
from test_epoch output: [tensor([[ 1.4803],
        [-2.2446],
        [ 0.4819],
        [-2.5460],
        [-0.3427],
        [-3.0933],
        [-2.1794],
        [-1.4636],
        [-2.8603],
        [-1.1094],
        [-0.7562],
        [-0.7980],
        [ 0.3867],
        [-2.2395],
        [ 0.6146],
        [ 0.0618],
        [-1.2418],
        [-1.9016],
        [-0.6670],
        [-2.9831],
        [-2.0685],
        [-1.4800],
        [-4.6012],
        [-1.8053],
        [-0.3951],
        [-0.4338],
        [ 1.6605],
        [-2.0061],
        [-1.5627],
        [-3.4913],
        [-3.0159],
        [-2.2959]], device='cuda:0')]
from test_epoch sens output: tensor([[  1.8389],
        [ -9.8975],
        [ -8.6714],
        [ -7.6412],
        [ -3.3935],
        [  9.6746],
        [ -8.7968],
        [ 13.1834],
        [ -2.4140],
        [ -8.4729],
        [ -5.6351],
        [ -6.7592],
        [  8.8912],
        [ -6.0040],
        [ -7.0207],
        [ -8.8712],
        [ -6.6576],
        [  7.6751],
        [ -7.0142],
        [  5.4605],
        [ -6.8993],
        [ -8.3390],
        [ -6.1380],
        [-12.4786],
        [  2.1719],
        [ 10.2530],
        [  4.2461],
        [-11.0578],
        [ -9.5236],
        [-12.6845],
        [  8.3172],
        [  2.9990]], device='cuda:0')
from test_epoch output: [tensor([[-2.2852],
        [-2.3344],
        [-2.1891],
        [ 0.4657],
        [-0.6510],
        [-2.2811],
        [-0.3892],
        [-0.4775],
        [-0.9343],
        [-3.6090],
        [-2.8655],
        [ 0.3326],
        [-2.2075],
        [-1.6566],
        [-0.1272],
        [-4.1564],
        [-2.4445],
        [-3.7768],
        [ 0.5648],
        [-2.4066],
        [ 0.8976],
        [ 1.0384],
        [-2.5218],
        [-4.2476],
        [-0.7837],
        [-0.3490],
        [-1.3791],
        [-2.4650],
        [-1.4675],
        [-1.7439],
        [-0.6561],
        [-2.4988]], device='cuda:0')]
from test_epoch sens output: tensor([[ 10.1264],
        [ -7.5986],
        [ 14.9781],
        [  9.8676],
        [ -3.7296],
        [  0.7203],
        [ 11.9706],
        [ -5.7130],
        [-12.6308],
        [ -7.5174],
        [  6.6420],
        [ -6.7184],
        [ -8.6360],
        [-10.5707],
        [-11.3280],
        [  5.7991],
        [ 11.4939],
        [ -6.1076],
        [-12.3229],
        [  8.1932],
        [-10.2973],
        [ 10.1554],
        [ -9.8993],
        [  5.4463],
        [-12.0434],
        [-10.9474],
        [  9.9165],
        [ 10.6377],
        [  6.7804],
        [-10.4769],
        [-12.3163],
        [  3.2224]], device='cuda:0')
from test_epoch output: [tensor([[-4.0253],
        [-0.7453],
        [-1.1928],
        [-3.2320],
        [-0.8548],
        [-0.3679],
        [-1.7372],
        [-0.7038],
        [ 0.4096],
        [-4.0914],
        [-0.8784],
        [ 1.3804],
        [-0.5918],
        [-2.9968],
        [-1.6784],
        [-1.8315],
        [-3.8137],
        [ 1.3582],
        [-0.5215],
        [-2.7438],
        [-3.1071],
        [-0.8691],
        [ 0.3922],
        [-1.2471],
        [-2.2148],
        [-3.5564],
        [-2.2684],
        [ 0.8471],
        [-2.8325],
        [-2.9080],
        [-2.1882],
        [ 0.3990]], device='cuda:0')]
from test_epoch sens output: tensor([[ 10.5287],
        [ -3.0383],
        [ -9.2532],
        [  8.9709],
        [ 13.2194],
        [ -8.9555],
        [  9.9803],
        [ -7.1008],
        [ 12.7726],
        [ 11.9332],
        [  1.0962],
        [ -4.2409],
        [ -7.2928],
        [ -8.2608],
        [-11.9937],
        [ -9.1496],
        [  8.0299],
        [ -5.7099],
        [ -2.5080],
        [ 11.7805],
        [  0.8680],
        [  6.6127],
        [ -9.5279],
        [ -8.7423],
        [ 11.7290],
        [  9.5932],
        [ 10.7105],
        [  7.7496],
        [  6.5012],
        [  6.8744],
        [ -6.1758],
        [ 10.1313]], device='cuda:0')
from test_epoch output: [tensor([[-2.8968],
        [-1.2544],
        [-3.0736],
        [-1.5868],
        [-4.5789],
        [ 2.0867],
        [ 0.7351],
        [-4.1629],
        [ 0.8581],
        [ 0.5552],
        [-1.2344],
        [-0.3121],
        [-3.0905],
        [ 1.3230],
        [-1.9914],
        [-2.4016],
        [-1.8038],
        [-0.2744],
        [-4.5201],
        [-2.6413],
        [ 0.9896],
        [-2.2399],
        [-1.0729],
        [-3.1745],
        [-3.3466],
        [-1.4110],
        [ 0.6769],
        [ 1.1884],
        [-0.9677],
        [-4.9459],
        [-2.6349],
        [-1.4685]], device='cuda:0')]
from test_epoch sens output: tensor([[  9.2049],
        [ -4.8493],
        [  2.1062],
        [ -1.5922],
        [ 11.8507],
        [ -2.8780],
        [  0.3088],
        [ -7.8171],
        [  8.3956],
        [ -9.9808],
        [-10.6478],
        [ -7.5328],
        [ 12.1991],
        [  9.1402],
        [  5.0919],
        [  8.1773],
        [  4.2008],
        [ -8.1539],
        [ 10.8477],
        [ 11.3480],
        [ -1.1069],
        [-16.1538],
        [  7.7071],
        [ -7.3567],
        [ 11.0791],
        [  6.4391],
        [  5.2487],
        [ -7.0474],
        [-12.8829],
        [ -8.0358],
        [ -8.7120],
        [ -5.0206]], device='cuda:0')
from test_epoch output: [tensor([[-3.5287],
        [ 0.0503],
        [-0.1171],
        [-2.7649],
        [ 0.7706],
        [ 0.7923],
        [-3.2537],
        [-2.4155],
        [ 1.3338],
        [-1.9490],
        [ 0.1846],
        [-0.0789],
        [ 2.3352],
        [-3.4269],
        [-4.2723],
        [-2.9385],
        [ 0.4405],
        [-1.5011],
        [-1.8971],
        [-0.9847],
        [-0.1595],
        [-2.7262],
        [-3.1933],
        [-3.2715],
        [-2.4983],
        [-3.3464],
        [-1.2386],
        [-2.0676],
        [-3.8369],
        [-3.0027],
        [ 0.0091],
        [-2.4487]], device='cuda:0')]
from test_epoch sens output: tensor([[  6.7005],
        [ -3.4673],
        [ -8.1151],
        [  8.8444],
        [ -4.6226],
        [ -8.1599],
        [ 11.5539],
        [  3.3627],
        [ -7.0020],
        [ -4.7988],
        [-12.7583],
        [ 15.1387],
        [  1.0194],
        [  8.7201],
        [  3.3844],
        [-11.5207],
        [  9.2228],
        [-10.5930],
        [  9.3644],
        [ -3.7975],
        [ 10.8723],
        [ 10.5252],
        [  2.5571],
        [ -4.4505],
        [  6.5391],
        [ 12.0262],
        [ -6.7627],
        [  5.2388],
        [  9.2554],
        [ -3.1168],
        [ 11.8643],
        [ 10.9525]], device='cuda:0')
from test_epoch output: [tensor([[-4.2989],
        [-3.0323],
        [ 0.8168],
        [-2.5695],
        [-0.7471],
        [-2.3981],
        [-1.7989],
        [-0.6822],
        [-0.9470],
        [-3.6788],
        [-0.5177],
        [ 1.4317],
        [-3.0356],
        [-3.5247],
        [-0.6267],
        [ 1.5243],
        [-3.1265],
        [ 0.1386],
        [-1.9243],
        [-1.5268],
        [-1.7808],
        [-3.4662],
        [-1.3075],
        [-0.5700],
        [-2.8578],
        [-1.5416],
        [ 0.1834],
        [-6.3157],
        [ 0.7075],
        [-1.6899],
        [-0.3604],
        [-1.9225]], device='cuda:0')]
from test_epoch sens output: tensor([[ -0.6565],
        [ -8.1739],
        [ -5.3412],
        [ 11.1939],
        [ -8.0398],
        [  4.6757],
        [  8.0167],
        [ -5.5131],
        [  7.2029],
        [ 11.3392],
        [ -7.4790],
        [ -7.5644],
        [  7.7966],
        [  9.5727],
        [ -5.4295],
        [ -2.1499],
        [ -1.5211],
        [-11.6576],
        [  7.6049],
        [ -6.0797],
        [ 13.2210],
        [  5.1626],
        [ -5.0190],
        [-11.0745],
        [ 11.6188],
        [-13.0076],
        [ 11.5355],
        [  5.2640],
        [  7.6130],
        [  9.3592],
        [ -4.3985],
        [  7.9176]], device='cuda:0')
from test_epoch output: [tensor([[-2.3638],
        [-2.0478],
        [-3.8479],
        [-1.0783],
        [-1.4414],
        [-1.9940],
        [-1.3786],
        [-2.7851],
        [ 0.0382],
        [-5.1887],
        [ 2.6853],
        [-2.7424],
        [-1.8216],
        [-4.0159],
        [ 2.0330],
        [ 2.9001],
        [ 0.6298],
        [-3.4326],
        [-1.2053],
        [ 3.3287],
        [-4.2150],
        [ 0.1057],
        [-2.5382],
        [-0.6587],
        [ 0.1391],
        [-1.2457],
        [ 0.5170],
        [ 0.0097],
        [ 0.2285],
        [-0.1786],
        [ 0.0199],
        [ 1.4065]], device='cuda:0')]
from test_epoch sens output: tensor([[  6.0892],
        [ -7.6420],
        [  3.3818],
        [ -5.2068],
        [ -9.7786],
        [ -6.5864],
        [ -8.0748],
        [-11.4983],
        [ -5.0159],
        [ 11.3114],
        [  9.6026],
        [  8.6090],
        [ -6.2600],
        [ -6.8244],
        [ -0.7621],
        [ -3.3572],
        [-10.9440],
        [ -7.5500],
        [ -4.4702],
        [ -8.0740],
        [  9.2307],
        [ 12.3795],
        [ -6.1936],
        [-10.5031],
        [  4.2933],
        [  8.6792],
        [  8.0943],
        [ -6.6707],
        [ 15.8111],
        [  0.7342],
        [-10.3683],
        [ -8.0535]], device='cuda:0')
from test_epoch output: [tensor([[-1.3582],
        [-0.7380],
        [ 0.3053],
        [-4.0414],
        [-2.4603],
        [-2.0009],
        [-1.2339],
        [-1.0036],
        [-1.3177],
        [-0.7044],
        [-2.5239],
        [-1.0743],
        [-5.1435],
        [-1.1360],
        [-3.0306],
        [-0.8095],
        [-3.9911],
        [-1.1321],
        [-2.2668],
        [-2.8422],
        [-3.7594],
        [-3.2312],
        [-2.3599],
        [ 0.5212],
        [-2.5555],
        [-2.0130],
        [-4.0673],
        [ 2.3447],
        [-0.0243],
        [-0.5187],
        [-0.6433],
        [-1.0450]], device='cuda:0')]
from test_epoch sens output: tensor([[ -6.2587],
        [ 10.2512],
        [  9.6064],
        [ -5.7270],
        [  2.1590],
        [ 15.4146],
        [ -5.7857],
        [ -8.4528],
        [ -7.3443],
        [  7.1426],
        [  9.6297],
        [-11.1009],
        [ -6.1794],
        [ -9.5758],
        [  5.7748],
        [ -5.9135],
        [  2.0091],
        [  8.3052],
        [ -4.5946],
        [  6.9677],
        [ -6.0507],
        [ -3.2192],
        [ 11.0728],
        [  8.1476],
        [-12.2845],
        [ 12.4851],
        [  8.8371],
        [ 13.1949],
        [ -3.9029],
        [ -6.6971],
        [-10.1857],
        [ 11.6221]], device='cuda:0')
from test_epoch output: [tensor([[ 0.0805],
        [-0.9461],
        [ 0.8140],
        [-2.7098]], device='cuda:0')]
from test_epoch sens output: tensor([[ -7.9910],
        [ 14.1086],
        [-10.3837],
        [ 10.2858]], device='cuda:0')
from test_epoch y_pred: [array([1, 0, 1, 0, 1, 1, 1, 1, 1, 0, 1, 1, 0, 1, 1, 1, 0, 1, 1, 1, 1, 1,
       1, 0, 1, 1, 1, 1, 1, 0, 1, 1]), array([1, 1, 1, 1, 1, 1, 1, 1, 1, 1, 1, 1, 1, 0, 1, 1, 1, 1, 1, 1, 1, 1,
       1, 1, 1, 0, 1, 1, 1, 0, 1, 1]), array([1, 1, 1, 1, 1, 1, 1, 1, 1, 1, 1, 1, 1, 1, 1, 1, 1, 1, 1, 0, 1, 1,
       1, 1, 1, 1, 1, 1, 1, 1, 1, 1]), array([1, 1, 0, 1, 1, 1, 1, 1, 1, 1, 1, 1, 1, 1, 1, 1, 1, 1, 1, 1, 0, 1,
       1, 1, 1, 1, 1, 1, 1, 1, 1, 1]), array([1, 1, 1, 1, 1, 1, 1, 1, 1, 1, 1, 1, 1, 1, 1, 1, 1, 0, 1, 0, 1, 1,
       1, 1, 1, 1, 1, 1, 1, 1, 1, 1]), array([1, 0, 1, 1, 1, 1, 1, 1, 1, 1, 1, 1, 1, 1, 1, 1, 1, 1, 1, 1, 1, 0,
       1, 1, 0, 1, 1, 1, 1, 1, 0, 0]), array([1, 0, 1, 1, 1, 1, 0, 1, 1, 1, 1, 1, 1, 1, 1, 0, 1, 1, 1, 1, 1, 1,
       1, 1, 1, 1, 1, 1, 1, 1, 1, 1]), array([1, 0, 1, 0, 1, 1, 1, 1, 1, 1, 1, 1, 1, 1, 0, 1, 0, 1, 1, 1, 1, 1,
       0, 0, 0, 1, 1, 1, 1, 1, 1, 1]), array([1, 1, 1, 1, 1, 1, 1, 0, 1, 1, 0, 1, 1, 0, 1, 0, 1, 1, 1, 1, 1, 1,
       1, 1, 1, 1, 1, 1, 0, 1, 1, 0]), array([1, 0, 1, 1, 1, 1, 1, 1, 1, 1, 1, 0, 1, 1, 1, 1, 0, 1, 1, 1, 1, 1,
       1, 1, 1, 1, 1, 1, 1, 1, 1, 1]), array([1, 1, 0, 1, 1, 0, 0, 1, 1, 1, 0, 1, 0, 0, 0, 1, 0, 1, 0, 1, 1, 0,
       1, 1, 0, 0, 0, 1, 1, 1, 1, 1]), array([0, 1, 1, 1, 1, 0, 0, 1, 1, 0, 0, 1, 1, 1, 0, 1, 1, 0, 1, 0, 1, 1,
       0, 1, 1, 1, 1, 1, 1, 1, 1, 1]), array([1, 0, 1, 1, 1, 1, 1, 1, 1, 0, 0, 1, 1, 0, 1, 1, 0, 1, 1, 1, 1, 1,
       0, 1, 1, 0, 1, 1, 0, 1, 1, 1]), array([1, 1, 1, 1, 1, 0, 1, 1, 1, 1, 1, 0, 1, 1, 1, 1, 1, 1, 0, 0, 1, 1,
       1, 1, 1, 0, 1, 0, 1, 0, 1, 1]), array([1, 1, 1, 1, 1, 1, 1, 1, 1, 1, 0, 0, 1, 1, 1, 0, 1, 0, 1, 1, 0, 1,
       0, 1, 1, 1, 0, 0, 1, 1, 1, 1]), array([1, 1, 1, 1, 1, 1, 0, 1, 0, 1, 1, 1, 1, 0, 1, 1, 1, 1, 0, 1, 0, 1,
       1, 0, 0, 1, 1, 0, 1, 0, 1, 1]), array([1, 1, 0, 1, 1, 1, 1, 1, 1, 0, 1, 1, 1, 0, 1, 0, 0, 1, 1, 1, 0, 1,
       1, 1, 1, 1, 1, 1, 0, 1, 0, 1]), array([1, 1, 1, 0, 1, 0, 1, 0, 1, 1, 0, 1, 0, 0, 1, 1, 1, 1, 1, 1, 0, 1,
       1, 1, 0, 0, 0, 0, 1, 1, 1, 1]), array([0, 0, 1, 0, 0, 1, 1, 1, 1, 0, 1, 1, 1, 1, 0, 0, 0, 1, 1, 1, 1, 1,
       1, 1, 1, 0, 1, 0, 0, 1, 0, 1]), array([1, 1, 0, 0, 1, 0, 1, 0, 0, 0, 0, 0, 0, 0, 1, 0, 0, 0, 0, 0, 0, 0,
       0, 0, 0, 0, 0, 0, 0, 1, 0, 0]), array([1, 0, 1, 0, 0, 0, 0, 0, 0, 0, 0, 0, 1, 0, 1, 1, 0, 0, 0, 0, 0, 0,
       0, 0, 0, 0, 1, 0, 0, 0, 0, 0]), array([0, 0, 0, 1, 0, 0, 0, 0, 0, 0, 0, 1, 0, 0, 0, 0, 0, 0, 1, 0, 1, 1,
       0, 0, 0, 0, 0, 0, 0, 0, 0, 0]), array([0, 0, 0, 0, 0, 0, 0, 0, 1, 0, 0, 1, 0, 0, 0, 0, 0, 1, 0, 0, 0, 0,
       1, 0, 0, 0, 0, 1, 0, 0, 0, 1]), array([0, 0, 0, 0, 0, 1, 1, 0, 1, 1, 0, 0, 0, 1, 0, 0, 0, 0, 0, 0, 1, 0,
       0, 0, 0, 0, 1, 1, 0, 0, 0, 0]), array([0, 1, 0, 0, 1, 1, 0, 0, 1, 0, 1, 0, 1, 0, 0, 0, 1, 0, 0, 0, 0, 0,
       0, 0, 0, 0, 0, 0, 0, 0, 1, 0]), array([0, 0, 1, 0, 0, 0, 0, 0, 0, 0, 0, 1, 0, 0, 0, 1, 0, 1, 0, 0, 0, 0,
       0, 0, 0, 0, 1, 0, 1, 0, 0, 0]), array([0, 0, 0, 0, 0, 0, 0, 0, 1, 0, 1, 0, 0, 0, 1, 1, 1, 0, 0, 1, 0, 1,
       0, 0, 1, 0, 1, 1, 1, 0, 1, 1]), array([0, 0, 1, 0, 0, 0, 0, 0, 0, 0, 0, 0, 0, 0, 0, 0, 0, 0, 0, 0, 0, 0,
       0, 1, 0, 0, 0, 1, 0, 0, 0, 0]), array([1, 0, 1, 0])]
from test_epoch sens y_pred: [array([0]), array([0]), array([1]), array([0]), array([0]), array([1]), array([0]), array([0]), array([0]), array([0]), array([0]), array([1]), array([1]), array([1]), array([0]), array([0]), array([0]), array([1]), array([1]), array([0]), array([1]), array([1]), array([1]), array([1]), array([1]), array([0]), array([1]), array([0]), array([0])]
Save best is step : 3400 AUC : 0.828590114636597
