Running on desktop22:
stdin: is not a tty
Activating chexpert environment...
from test_epoch output: torch.Size([32, 1])
from test_epoch sens output: torch.Size([32, 1])
from test_epoch output: torch.Size([32, 1])
from test_epoch sens output: torch.Size([32, 1])
from test_epoch output: torch.Size([32, 1])
from test_epoch sens output: torch.Size([32, 1])
from test_epoch output: torch.Size([32, 1])
from test_epoch sens output: torch.Size([32, 1])
from test_epoch output: torch.Size([32, 1])
from test_epoch sens output: torch.Size([32, 1])
from test_epoch output: torch.Size([32, 1])
from test_epoch sens output: torch.Size([32, 1])
from test_epoch output: torch.Size([32, 1])
from test_epoch sens output: torch.Size([32, 1])
from test_epoch output: torch.Size([32, 1])
from test_epoch sens output: torch.Size([32, 1])
from test_epoch output: torch.Size([32, 1])
from test_epoch sens output: torch.Size([32, 1])
from test_epoch output: torch.Size([32, 1])
from test_epoch sens output: torch.Size([32, 1])
from test_epoch output: torch.Size([32, 1])
from test_epoch sens output: torch.Size([32, 1])
from test_epoch output: torch.Size([32, 1])
from test_epoch sens output: torch.Size([32, 1])
from test_epoch output: torch.Size([32, 1])
from test_epoch sens output: torch.Size([32, 1])
from test_epoch output: torch.Size([32, 1])
from test_epoch sens output: torch.Size([32, 1])
from test_epoch output: torch.Size([32, 1])
from test_epoch sens output: torch.Size([32, 1])
from test_epoch output: torch.Size([32, 1])
from test_epoch sens output: torch.Size([32, 1])
from test_epoch output: torch.Size([32, 1])
from test_epoch sens output: torch.Size([32, 1])
from test_epoch output: torch.Size([32, 1])
from test_epoch sens output: torch.Size([32, 1])
from test_epoch output: torch.Size([32, 1])
from test_epoch sens output: torch.Size([32, 1])
from test_epoch output: torch.Size([32, 1])
from test_epoch sens output: torch.Size([32, 1])
from test_epoch output: torch.Size([32, 1])
from test_epoch sens output: torch.Size([32, 1])
from test_epoch output: torch.Size([32, 1])
from test_epoch sens output: torch.Size([32, 1])
from test_epoch output: torch.Size([32, 1])
from test_epoch sens output: torch.Size([32, 1])
from test_epoch output: torch.Size([32, 1])
from test_epoch sens output: torch.Size([32, 1])
from test_epoch output: torch.Size([32, 1])
from test_epoch sens output: torch.Size([32, 1])
from test_epoch output: torch.Size([32, 1])
from test_epoch sens output: torch.Size([32, 1])
from test_epoch output: torch.Size([32, 1])
from test_epoch sens output: torch.Size([32, 1])
from test_epoch output: torch.Size([32, 1])
from test_epoch sens output: torch.Size([32, 1])
from test_epoch output: torch.Size([4, 1])
from test_epoch sens output: torch.Size([4, 1])
Save best is step : 3400 AUC : 0.828590114636597
