Running on desktop18:
stdin: is not a tty
Activating chexpert environment...
from test_epoch output: torch.Size([32, 1])
from test_epoch sens output: torch.Size([32, 1])
from test_epoch output: torch.Size([32, 1])
from test_epoch sens output: torch.Size([32, 1])
from test_epoch output: torch.Size([32, 1])
from test_epoch sens output: torch.Size([32, 1])
from test_epoch output: torch.Size([32, 1])
from test_epoch sens output: torch.Size([32, 1])
from test_epoch output: torch.Size([32, 1])
from test_epoch sens output: torch.Size([32, 1])
from test_epoch output: torch.Size([32, 1])
from test_epoch sens output: torch.Size([32, 1])
from test_epoch output: torch.Size([32, 1])
from test_epoch sens output: torch.Size([32, 1])
from test_epoch output: torch.Size([32, 1])
from test_epoch sens output: torch.Size([32, 1])
from test_epoch output: torch.Size([32, 1])
from test_epoch sens output: torch.Size([32, 1])
from test_epoch output: torch.Size([32, 1])
from test_epoch sens output: torch.Size([32, 1])
from test_epoch output: torch.Size([32, 1])
from test_epoch sens output: torch.Size([32, 1])
from test_epoch output: torch.Size([32, 1])
from test_epoch sens output: torch.Size([32, 1])
from test_epoch output: torch.Size([32, 1])
from test_epoch sens output: torch.Size([32, 1])
from test_epoch output: torch.Size([32, 1])
from test_epoch sens output: torch.Size([32, 1])
from test_epoch output: torch.Size([32, 1])
from test_epoch sens output: torch.Size([32, 1])
from test_epoch output: torch.Size([32, 1])
from test_epoch sens output: torch.Size([32, 1])
from test_epoch output: torch.Size([32, 1])
from test_epoch sens output: torch.Size([32, 1])
from test_epoch output: torch.Size([32, 1])
from test_epoch sens output: torch.Size([32, 1])
from test_epoch output: torch.Size([32, 1])
from test_epoch sens output: torch.Size([32, 1])
from test_epoch output: torch.Size([32, 1])
from test_epoch sens output: torch.Size([32, 1])
from test_epoch output: torch.Size([32, 1])
from test_epoch sens output: torch.Size([32, 1])
from test_epoch output: torch.Size([32, 1])
from test_epoch sens output: torch.Size([32, 1])
from test_epoch output: torch.Size([32, 1])
from test_epoch sens output: torch.Size([32, 1])
from test_epoch output: torch.Size([32, 1])
from test_epoch sens output: torch.Size([32, 1])
from test_epoch output: torch.Size([32, 1])
from test_epoch sens output: torch.Size([32, 1])
from test_epoch output: torch.Size([32, 1])
from test_epoch sens output: torch.Size([32, 1])
from test_epoch output: torch.Size([32, 1])
from test_epoch sens output: torch.Size([32, 1])
from test_epoch output: torch.Size([32, 1])
from test_epoch sens output: torch.Size([32, 1])
from test_epoch output: torch.Size([32, 1])
from test_epoch sens output: torch.Size([32, 1])
from test_epoch output: torch.Size([32, 1])
from test_epoch sens output: torch.Size([32, 1])
from test_epoch output: torch.Size([32, 1])
from test_epoch sens output: torch.Size([32, 1])
from test_epoch output: torch.Size([32, 1])
from test_epoch sens output: torch.Size([32, 1])
from test_epoch output: torch.Size([32, 1])
from test_epoch sens output: torch.Size([32, 1])
from test_epoch output: torch.Size([32, 1])
from test_epoch sens output: torch.Size([32, 1])
from test_epoch output: torch.Size([32, 1])
from test_epoch sens output: torch.Size([32, 1])
from test_epoch output: torch.Size([32, 1])
from test_epoch sens output: torch.Size([32, 1])
from test_epoch output: torch.Size([32, 1])
from test_epoch sens output: torch.Size([32, 1])
from test_epoch output: torch.Size([32, 1])
from test_epoch sens output: torch.Size([32, 1])
from test_epoch output: torch.Size([32, 1])
from test_epoch sens output: torch.Size([32, 1])
from test_epoch output: torch.Size([32, 1])
from test_epoch sens output: torch.Size([32, 1])
from test_epoch output: torch.Size([32, 1])
from test_epoch sens output: torch.Size([32, 1])
from test_epoch output: torch.Size([32, 1])
from test_epoch sens output: torch.Size([32, 1])
from test_epoch output: torch.Size([32, 1])
from test_epoch sens output: torch.Size([32, 1])
from test_epoch output: torch.Size([32, 1])
from test_epoch sens output: torch.Size([32, 1])
from test_epoch output: torch.Size([32, 1])
from test_epoch sens output: torch.Size([32, 1])
from test_epoch output: torch.Size([32, 1])
from test_epoch sens output: torch.Size([32, 1])
from test_epoch output: torch.Size([32, 1])
from test_epoch sens output: torch.Size([32, 1])
from test_epoch output: torch.Size([32, 1])
from test_epoch sens output: torch.Size([32, 1])
from test_epoch output: torch.Size([32, 1])
from test_epoch sens output: torch.Size([32, 1])
from test_epoch output: torch.Size([32, 1])
from test_epoch sens output: torch.Size([32, 1])
from test_epoch output: torch.Size([32, 1])
from test_epoch sens output: torch.Size([32, 1])
from test_epoch output: torch.Size([32, 1])
from test_epoch sens output: torch.Size([32, 1])
from test_epoch output: torch.Size([32, 1])
from test_epoch sens output: torch.Size([32, 1])
from test_epoch output: torch.Size([32, 1])
from test_epoch sens output: torch.Size([32, 1])
from test_epoch output: torch.Size([32, 1])
from test_epoch sens output: torch.Size([32, 1])
from test_epoch output: torch.Size([32, 1])
from test_epoch sens output: torch.Size([32, 1])
from test_epoch output: torch.Size([32, 1])
from test_epoch sens output: torch.Size([32, 1])
from test_epoch output: torch.Size([32, 1])
from test_epoch sens output: torch.Size([32, 1])
from test_epoch output: torch.Size([32, 1])
from test_epoch sens output: torch.Size([32, 1])
from test_epoch output: torch.Size([32, 1])
from test_epoch sens output: torch.Size([32, 1])
from test_epoch output: torch.Size([32, 1])
from test_epoch sens output: torch.Size([32, 1])
from test_epoch output: torch.Size([32, 1])
from test_epoch sens output: torch.Size([32, 1])
from test_epoch output: torch.Size([32, 1])
from test_epoch sens output: torch.Size([32, 1])
from test_epoch output: torch.Size([32, 1])
from test_epoch sens output: torch.Size([32, 1])
from test_epoch output: torch.Size([32, 1])
from test_epoch sens output: torch.Size([32, 1])
from test_epoch output: torch.Size([32, 1])
from test_epoch sens output: torch.Size([32, 1])
from test_epoch output: torch.Size([32, 1])
from test_epoch sens output: torch.Size([32, 1])
from test_epoch output: torch.Size([32, 1])
from test_epoch sens output: torch.Size([32, 1])
from test_epoch output: torch.Size([32, 1])
from test_epoch sens output: torch.Size([32, 1])
from test_epoch output: torch.Size([32, 1])
from test_epoch sens output: torch.Size([32, 1])
from test_epoch output: torch.Size([32, 1])
from test_epoch sens output: torch.Size([32, 1])
from test_epoch output: torch.Size([32, 1])
from test_epoch sens output: torch.Size([32, 1])
from test_epoch output: torch.Size([32, 1])
from test_epoch sens output: torch.Size([32, 1])
from test_epoch output: torch.Size([32, 1])
from test_epoch sens output: torch.Size([32, 1])
from test_epoch output: torch.Size([32, 1])
from test_epoch sens output: torch.Size([32, 1])
from test_epoch output: torch.Size([32, 1])
from test_epoch sens output: torch.Size([32, 1])
from test_epoch output: torch.Size([32, 1])
from test_epoch sens output: torch.Size([32, 1])
from test_epoch output: torch.Size([32, 1])
from test_epoch sens output: torch.Size([32, 1])
from test_epoch output: torch.Size([32, 1])
from test_epoch sens output: torch.Size([32, 1])
from test_epoch output: torch.Size([32, 1])
from test_epoch sens output: torch.Size([32, 1])
from test_epoch output: torch.Size([32, 1])
from test_epoch sens output: torch.Size([32, 1])
from test_epoch output: torch.Size([32, 1])
from test_epoch sens output: torch.Size([32, 1])
from test_epoch output: torch.Size([32, 1])
from test_epoch sens output: torch.Size([32, 1])
from test_epoch output: torch.Size([32, 1])
from test_epoch sens output: torch.Size([32, 1])
from test_epoch output: torch.Size([32, 1])
from test_epoch sens output: torch.Size([32, 1])
from test_epoch output: torch.Size([32, 1])
from test_epoch sens output: torch.Size([32, 1])
from test_epoch output: torch.Size([32, 1])
from test_epoch sens output: torch.Size([32, 1])
from test_epoch output: torch.Size([32, 1])
from test_epoch sens output: torch.Size([32, 1])
from test_epoch output: torch.Size([32, 1])
from test_epoch sens output: torch.Size([32, 1])
from test_epoch output: torch.Size([32, 1])
from test_epoch sens output: torch.Size([32, 1])
from test_epoch output: torch.Size([32, 1])
from test_epoch sens output: torch.Size([32, 1])
from test_epoch output: torch.Size([32, 1])
from test_epoch sens output: torch.Size([32, 1])
from test_epoch output: torch.Size([32, 1])
from test_epoch sens output: torch.Size([32, 1])
from test_epoch output: torch.Size([32, 1])
from test_epoch sens output: torch.Size([32, 1])
from test_epoch output: torch.Size([32, 1])
from test_epoch sens output: torch.Size([32, 1])
from test_epoch output: torch.Size([32, 1])
from test_epoch sens output: torch.Size([32, 1])
from test_epoch output: torch.Size([32, 1])
from test_epoch sens output: torch.Size([32, 1])
from test_epoch output: torch.Size([32, 1])
from test_epoch sens output: torch.Size([32, 1])
from test_epoch output: torch.Size([32, 1])
from test_epoch sens output: torch.Size([32, 1])
from test_epoch output: torch.Size([32, 1])
from test_epoch sens output: torch.Size([32, 1])
from test_epoch output: torch.Size([32, 1])
from test_epoch sens output: torch.Size([32, 1])
from test_epoch output: torch.Size([32, 1])
from test_epoch sens output: torch.Size([32, 1])
from test_epoch output: torch.Size([32, 1])
from test_epoch sens output: torch.Size([32, 1])
from test_epoch output: torch.Size([32, 1])
from test_epoch sens output: torch.Size([32, 1])
from test_epoch output: torch.Size([32, 1])
from test_epoch sens output: torch.Size([32, 1])
from test_epoch output: torch.Size([32, 1])
from test_epoch sens output: torch.Size([32, 1])
from test_epoch output: torch.Size([32, 1])
from test_epoch sens output: torch.Size([32, 1])
from test_epoch output: torch.Size([32, 1])
from test_epoch sens output: torch.Size([32, 1])
from test_epoch output: torch.Size([32, 1])
from test_epoch sens output: torch.Size([32, 1])
from test_epoch output: torch.Size([32, 1])
from test_epoch sens output: torch.Size([32, 1])
from test_epoch output: torch.Size([32, 1])
from test_epoch sens output: torch.Size([32, 1])
from test_epoch output: torch.Size([32, 1])
from test_epoch sens output: torch.Size([32, 1])
from test_epoch output: torch.Size([32, 1])
from test_epoch sens output: torch.Size([32, 1])
from test_epoch output: torch.Size([32, 1])
from test_epoch sens output: torch.Size([32, 1])
from test_epoch output: torch.Size([32, 1])
from test_epoch sens output: torch.Size([32, 1])
from test_epoch output: torch.Size([32, 1])
from test_epoch sens output: torch.Size([32, 1])
from test_epoch output: torch.Size([32, 1])
from test_epoch sens output: torch.Size([32, 1])
from test_epoch output: torch.Size([32, 1])
from test_epoch sens output: torch.Size([32, 1])
from test_epoch output: torch.Size([32, 1])
from test_epoch sens output: torch.Size([32, 1])
from test_epoch output: torch.Size([32, 1])
from test_epoch sens output: torch.Size([32, 1])
from test_epoch output: torch.Size([32, 1])
from test_epoch sens output: torch.Size([32, 1])
from test_epoch output: torch.Size([32, 1])
from test_epoch sens output: torch.Size([32, 1])
from test_epoch output: torch.Size([32, 1])
from test_epoch sens output: torch.Size([32, 1])
from test_epoch output: torch.Size([32, 1])
from test_epoch sens output: torch.Size([32, 1])
from test_epoch output: torch.Size([32, 1])
from test_epoch sens output: torch.Size([32, 1])
from test_epoch output: torch.Size([32, 1])
from test_epoch sens output: torch.Size([32, 1])
from test_epoch output: torch.Size([32, 1])
from test_epoch sens output: torch.Size([32, 1])
from test_epoch output: torch.Size([32, 1])
from test_epoch sens output: torch.Size([32, 1])
from test_epoch output: torch.Size([32, 1])
from test_epoch sens output: torch.Size([32, 1])
from test_epoch output: torch.Size([32, 1])
from test_epoch sens output: torch.Size([32, 1])
from test_epoch output: torch.Size([32, 1])
from test_epoch sens output: torch.Size([32, 1])
from test_epoch output: torch.Size([32, 1])
from test_epoch sens output: torch.Size([32, 1])
from test_epoch output: torch.Size([32, 1])
from test_epoch sens output: torch.Size([32, 1])
from test_epoch output: torch.Size([32, 1])
from test_epoch sens output: torch.Size([32, 1])
from test_epoch output: torch.Size([32, 1])
from test_epoch sens output: torch.Size([32, 1])
from test_epoch output: torch.Size([32, 1])
from test_epoch sens output: torch.Size([32, 1])
from test_epoch output: torch.Size([22, 1])
from test_epoch sens output: torch.Size([22, 1])
Save best is step : 4100 AUC : 0.8502630326795485
